<?xml version="1.0" encoding="UTF-8"?>
<!-- Generated by org.testng.reporters.JUnitXMLReporter -->
<testsuite ignored="2" hostname="DESKTOP-UGUG25A" failures="0" tests="3" name="Login" time="6.726" errors="0" timestamp="2023-08-05T15:33:34 IST">
  <testcase classname="project3.HotelPlanisphere" name="launchApp" time="3.552"/>
  <testcase classname="project3.HotelPlanisphere" name="login" time="1.192"/>
  <testcase classname="project3.HotelPlanisphere" name="logOut" time="0.271"/>
  <testcase classname="project3.HotelPlanisphere" name="reserveRoom" time="0.0">
    <ignored/>
  </testcase> <!-- reserveRoom -->
  <testcase classname="project3.HotelPlanisphere" name="signUp" time="0.0">
    <ignored/>
  </testcase> <!-- signUp -->
</testsuite> <!-- Login -->
