<?xml version="1.0" encoding="UTF-8"?>
<!-- Generated by org.testng.reporters.JUnitXMLReporter -->
<testsuite ignored="3" hostname="DESKTOP-UGUG25A" failures="0" tests="2" name="RoomBooking" time="9.118" errors="0" timestamp="2023-08-05T15:33:43 IST">
  <testcase classname="project3.HotelPlanisphere" name="launchApp" time="3.149"/>
  <testcase classname="project3.HotelPlanisphere" name="reserveRoom" time="4.279"/>
  <testcase classname="project3.HotelPlanisphere" name="signUp" time="0.0">
    <ignored/>
  </testcase> <!-- signUp -->
  <testcase classname="project3.HotelPlanisphere" name="logOut" time="0.0">
    <ignored/>
  </testcase> <!-- logOut -->
  <testcase classname="project3.HotelPlanisphere" name="login" time="0.0">
    <ignored/>
  </testcase> <!-- login -->
</testsuite> <!-- RoomBooking -->
