<?xml version="1.0" encoding="UTF-8"?>
<!-- Generated by org.testng.reporters.JUnitXMLReporter -->
<testsuite ignored="2" hostname="DESKTOP-UGUG25A" failures="0" tests="3" name="SignUp" time="12.79" errors="0" timestamp="2023-08-05T15:33:27 IST">
  <testcase classname="project3.HotelPlanisphere" name="launchApp" time="4.141"/>
  <testcase classname="project3.HotelPlanisphere" name="signUp" time="2.469"/>
  <testcase classname="project3.HotelPlanisphere" name="logOut" time="0.269"/>
  <testcase classname="project3.HotelPlanisphere" name="reserveRoom" time="0.0">
    <ignored/>
  </testcase> <!-- reserveRoom -->
  <testcase classname="project3.HotelPlanisphere" name="login" time="0.0">
    <ignored/>
  </testcase> <!-- login -->
</testsuite> <!-- SignUp -->
