<?xml version="1.0" encoding="UTF-8"?>
<!-- Generated by org.testng.reporters.JUnitXMLReporter -->
<testsuite ignored="1" hostname="DESKTOP-UGUG25A" failures="0" tests="4" name="OpenCartRegister" time="25.322" errors="0" timestamp="2023-08-04T00:44:07 IST">
  <testcase classname="project2.OpenCart" name="launchApp" time="10.862"/>
  <testcase classname="project2.OpenCart" name="login" time="2.055"/>
  <testcase classname="project2.OpenCart" name="addToCart" time="7.111"/>
  <testcase classname="project2.OpenCart" name="logOut" time="0.965"/>
  <testcase classname="project2.OpenCart" name="register" time="0.0">
    <ignored/>
  </testcase> <!-- register -->
</testsuite> <!-- OpenCartRegister -->
